app/build/outputs/mapping/release/seeds.txt
com.opent9.keyboard.settings.SettingsObserver$1
com.opent9.keyboard.OpenT9InputMethodService
com.opent9.keyboard.settings.SettingsFragment
com.opent9.keyboard.jni.NativeEngineBridge
com.opent9.keyboard.settings.SettingsActivity
com.opent9.keyboard.settings.SettingsObserver
com.opent9.keyboard.jni.NativeEngineBridge$MultiTapResult
com.opent9.keyboard.jni.NativeEngineBridge: com.opent9.keyboard.jni.NativeEngineBridge INSTANCE
com.opent9.keyboard.settings.SettingsObserver: kotlin.jvm.functions.Function6 onConfigSync
com.opent9.keyboard.jni.NativeEngineBridge: char[] scratchChars
com.opent9.keyboard.jni.NativeEngineBridge$MultiTapResult: boolean committedPrev
com.opent9.keyboard.jni.NativeEngineBridge$MultiTapResult: char activeChar
com.opent9.keyboard.settings.SettingsObserver: android.content.SharedPreferences prefs
com.opent9.keyboard.jni.NativeEngineBridge$MultiTapResult: char committedChar
com.opent9.keyboard.settings.SettingsObserver$1: com.opent9.keyboard.settings.SettingsObserver$1 INSTANCE
com.opent9.keyboard.jni.NativeEngineBridge: java.nio.ByteBuffer candidateBuffer
com.opent9.keyboard.jni.NativeEngineBridge: boolean isNativeLoaded
com.opent9.keyboard.jni.NativeEngineBridge: java.nio.ByteBuffer multiTapBuffer
com.opent9.keyboard.settings.SettingsObserver: android.content.Context context
com.opent9.keyboard.ui.T9KeyboardView: void setOnSpaceScrubAction(kotlin.jvm.functions.Function1)
com.opent9.keyboard.jni.NativeEngineBridge: java.lang.Character handleMultiTapTimeout(long,int)
com.opent9.keyboard.settings.SettingsObserver: void start()
com.opent9.keyboard.ui.T9KeyboardView: com.opent9.keyboard.ui.KeyAtlas getKeyAtlas()
com.opent9.keyboard.settings.SettingsActivity: SettingsActivity()
com.opent9.keyboard.ui.T9KeyboardView: void setOnCandidateTapAction(kotlin.jvm.functions.Function1)
com.opent9.keyboard.settings.SettingsFragment: boolean onCreatePreferences$lambda$2(com.opent9.keyboard.settings.SettingsFragment,androidx.preference.Preference)
com.opent9.keyboard.jni.NativeEngineBridge: java.util.List getCandidates()
com.opent9.keyboard.jni.NativeEngineBridge: boolean switchLanguage(java.lang.String)
com.opent9.keyboard.ui.T9KeyboardView: void setOnPillTapAction(kotlin.jvm.functions.Function0)
com.opent9.keyboard.jni.NativeEngineBridge: void nativeUpdateKeyGeometry(int,float,float)
com.opent9.keyboard.settings.SettingsFragment: androidx.lifecycle.viewmodel.CreationExtras getDefaultViewModelCreationExtras()
com.opent9.keyboard.ui.T9KeyboardView: java.lang.Integer getActiveKeyId()
com.opent9.keyboard.jni.NativeEngineBridge$MultiTapResult: char getActiveChar()
com.opent9.keyboard.jni.NativeEngineBridge: boolean nativePopStroke()
com.opent9.keyboard.settings.SettingsObserver: boolean isDefaultT9()
com.opent9.keyboard.settings.SettingsObserver: void stop()
com.opent9.keyboard.jni.NativeEngineBridge: boolean nativeLoadLexiconFd(java.lang.String,int,long,long)
com.opent9.keyboard.jni.NativeEngineBridge: void nativeRecordUsage(java.lang.String,long)
com.opent9.keyboard.ui.T9KeyboardView: kotlin.jvm.functions.Function1 getOnCandidateTapAction()
com.opent9.keyboard.jni.NativeEngineBridge$MultiTapResult: int hashCode()
com.opent9.keyboard.settings.SettingsObserver: boolean isAudioEnabled()
com.opent9.keyboard.settings.SettingsObserver: boolean isSpaceScrubbingEnabled()
com.opent9.keyboard.jni.NativeEngineBridge: java.lang.String nativeGetActiveLanguage()
com.opent9.keyboard.ui.T9KeyboardView: void setOnKeyLongPressAction(kotlin.jvm.functions.Function1)
com.opent9.keyboard.jni.NativeEngineBridge$MultiTapResult: NativeEngineBridge$MultiTapResult(boolean,char,char)
com.opent9.keyboard.ui.T9KeyboardView: int getShiftState()
com.opent9.keyboard.settings.SettingsObserver: boolean isHapticEnabled()
com.opent9.keyboard.settings.SettingsObserver: SettingsObserver(android.content.Context,kotlin.jvm.functions.Function6,int,kotlin.jvm.internal.DefaultConstructorMarker)
...
androidx.fragment.app.Fragment: boolean hasOptionsMenu()
androidx.core.view.WindowInsetsCompat$Impl20: androidx.core.graphics.Insets getInsets(int,boolean)
androidx.core.view.WindowInsetsCompat$BuilderImpl29: WindowInsetsCompat$BuilderImpl29()
androidx.fragment.app.Fragment: androidx.fragment.app.FragmentManager requireFragmentManager()
androidx.appcompat.widget.AppCompatTextView: androidx.appcompat.widget.AppCompatEmojiTextHelper getEmojiTextViewHelper()
androidx.appcompat.widget.Toolbar: void setContentInsetStartWithNavigation(int)
androidx.core.os.BundleApi21ImplKt: void putSize(android.os.Bundle,java.lang.String,android.util.Size)
androidx.appcompat.app.AppCompatDelegateImpl$Api24Impl: void generateConfigDelta_locale(android.content.res.Configuration,android.content.res.Configuration,android.content.res.Configuration)
androidx.preference.PreferenceFragmentCompat: androidx.preference.PreferenceManager getPreferenceManager()
androidx.core.view.accessibility.AccessibilityNodeInfoCompat$Api33Impl: androidx.core.view.accessibility.AccessibilityNodeInfoCompat getChild(android.view.accessibility.AccessibilityNodeInfo,int,int)
androidx.fragment.app.Fragment: android.content.Context getContext()
androidx.fragment.app.Fragment: void setOnStartEnterTransitionListener(androidx.fragment.app.Fragment$OnStartEnterTransitionListener)
androidx.recyclerview.widget.RecyclerView: void setPreserveFocusAfterLayout(boolean)
androidx.lifecycle.ReportFragment$LifecycleCallbacks: void onActivityPostStarted(android.app.Activity)
androidx.fragment.app.Fragment: android.os.Bundle requireArguments()
androidx.core.view.WindowInsetsCompat$BuilderImpl29: WindowInsetsCompat$BuilderImpl29(androidx.core.view.WindowInsetsCompat)
androidx.preference.MultiSelectListPreference: MultiSelectListPreference(android.content.Context,android.util.AttributeSet)
androidx.appcompat.widget.SwitchCompat: void setAllCaps(boolean)
androidx.appcompat.app.AppCompatActivity: void setSupportProgressBarIndeterminate(boolean)
androidx.core.app.NotificationManagerCompat$Api24Impl: int getImportance(android.app.NotificationManager)
androidx.preference.internal.PreferenceImageView: void setMaxWidth(int)
androidx.core.view.accessibility.AccessibilityNodeInfoCompat$Api33Impl: androidx.core.view.accessibility.AccessibilityNodeInfoCompat$CollectionItemInfoCompat buildCollectionItemInfoCompat(boolean,int,int,int,int,boolean,java.lang.String,java.lang.String)
androidx.appcompat.widget.AppCompatButton: android.graphics.PorterDuff$Mode getSupportBackgroundTintMode()
androidx.core.widget.EdgeEffectCompat$Api31Impl: float getDistance(android.widget.EdgeEffect)
androidx.appcompat.widget.ContentFrameLayout: android.util.TypedValue getFixedWidthMajor()
androidx.core.view.accessibility.AccessibilityNodeInfoCompat$Api34Impl: boolean isAccessibilityDataSensitive(android.view.accessibility.AccessibilityNodeInfo)
androidx.fragment.app.Fragment: int getTargetRequestCode()
androidx.activity.ComponentActivity: void ensureViewModelStore()
androidx.appcompat.widget.SearchView$SearchAutoComplete: void setThreshold(int)
androidx.appcompat.widget.SearchView: void setQueryHint(java.lang.CharSequence)
androidx.core.view.ViewCompat$Api28Impl: java.lang.Object requireViewById(android.view.View,int)
androidx.core.view.ViewCompat$Api26Impl: boolean isImportantForAutofill(android.view.View)
androidx.appcompat.widget.Toolbar: void setTitleMarginEnd(int)
androidx.appcompat.widget.SwitchCompat$Api18Impl: void setAutoCancel(android.animation.ObjectAnimator,boolean)
androidx.activity.ComponentActivity: void onBackPressed()
androidx.appcompat.widget.SearchView: void setMaxWidth(int)
androidx.appcompat.widget.Toolbar: void setTitleMarginBottom(int)
androidx.appcompat.widget.AppCompatButton: android.graphics.PorterDuff$Mode getSupportCompoundDrawablesTintMode()
androidx.preference.PreferenceFragmentCompat: void onSaveInstanceState(android.os.Bundle)