app/build/outputs/mapping/release/mapping.txt
# compiler: R8
# compiler_version: 8.3.37
# min_api: 26
# common_typos_disable
# {"id":"com.android.tools.r8.mapping","version":"2.2"}
# pg_map_id: 14bbe05
# pg_map_hash: SHA-256 14bbe053c629f036332ef8c314fdae4ed3b7e0f875c56a0c60b4522ba9a786f9
com.opent9.keyboard.OpenT9InputMethodService -> com.opent9.keyboard.OpenT9InputMethodService:
# {"id":"sourceFile","fileName":"OpenT9InputMethodService.kt"}
    com.opent9.keyboard.ui.T9KeyboardView keyboardView -> a
      # {"id":"com.android.tools.r8.residualsignature","signature":"LT/l;"}
    com.opent9.keyboard.settings.SettingsObserver settingsObserver -> b
    com.opent9.keyboard.ui.ShiftController shiftController -> c
      # {"id":"com.android.tools.r8.residualsignature","signature":"LT/i;"}
    com.opent9.keyboard.ui.EnterKeyHandler enterKeyHandler -> d
      # {"id":"com.android.tools.r8.residualsignature","signature":"Landroidx/fragment/app/Y;"}
    com.opent9.keyboard.ui.DeleteController deleteController -> e
      # {"id":"com.android.tools.r8.residualsignature","signature":"Le/Q;"}
    com.opent9.keyboard.ui.PageController pageController -> f
      # {"id":"com.android.tools.r8.residualsignature","signature":"Le/Q;"}
    android.os.Handler mainHandler -> g
    android.view.inputmethod.EditorInfo currentEditorInfo -> h
    java.util.ArrayList currentComposingDigits -> i
    boolean hasActiveComposing -> j
    boolean isIncognito -> k
    boolean isPasswordMode -> l
    java.lang.Runnable multiTapTimeoutRunnable -> m
      # {"id":"com.android.tools.r8.residualsignature","signature":"Landroidx/activity/b;"}
    int $r8$clinit -> n
      # {"id":"com.android.tools.r8.synthesized"}
com.opent9.keyboard.OpenT9InputMethodService$handleKeyFlick$1 -> S.a:
# {"id":"sourceFile","fileName":"OpenT9InputMethodService.kt"}
    int $r8$classId -> a
      # {"id":"com.android.tools.r8.synthesized"}
    com.opent9.keyboard.OpenT9InputMethodService this$0 -> b
    0:8:void <init>(com.opent9.keyboard.OpenT9InputMethodService,int):0:0 -> <init>
      # {"id":"com.android.tools.r8.synthesized"}
    0:6:java.lang.Object invoke$1():0:0 -> a
      # {"id":"com.android.tools.r8.synthesized"}
    7:10:java.lang.Object com.opent9.keyboard.OpenT9InputMethodService$setupKeyboardViewListeners$7.invoke():126:126 -> a
    7:10:java.lang.Object invoke$1():0 -> a
    11:14:java.lang.Object com.opent9.keyboard.OpenT9InputMethodService$setupKeyboardViewListeners$5.invoke():118:118 -> a
    11:14:java.lang.Object invoke$1():0 -> a
    15:18:java.lang.Object com.opent9.keyboard.OpenT9InputMethodService$handleKeyTap$1.invoke():227:227 -> a
    15:18:java.lang.Object invoke$1():0 -> a
    19:22:java.lang.Object com.opent9.keyboard.OpenT9InputMethodService$handleKeyFlick$2.invoke():295:295 -> a
    19:22:java.lang.Object invoke$1():0 -> a
    23:27:java.lang.Object invoke():295:295 -> a
    23:27:java.lang.Object invoke$1():0 -> a
    0:6:void invoke():0:0 -> d
      # {"id":"com.android.tools.r8.synthesized"}
    7:8:void com.opent9.keyboard.OpenT9InputMethodService$setupKeyboardViewListeners$7.invoke():127:127 -> d
    7:8:void invoke():0 -> d
com.opent9.keyboard.OpenT9InputMethodService$handleKeyFlick$2 -> R8$$REMOVED$$CLASS$$276:
# {"id":"sourceFile","fileName":"OpenT9InputMethodService.kt"}
...
androidx.core.view.inputmethod.InputContentInfoCompat$InputContentInfoCompatApi25Impl -> R8$$REMOVED$$CLASS$$128:
# {"id":"sourceFile","fileName":"InputContentInfoCompat.java"}
androidx.core.view.inputmethod.InputContentInfoCompat$InputContentInfoCompatBaseImpl -> R8$$REMOVED$$CLASS$$129:
# {"id":"sourceFile","fileName":"InputContentInfoCompat.java"}
androidx.core.view.inputmethod.InputContentInfoCompat$InputContentInfoCompatImpl -> B.c:
# {"id":"sourceFile","fileName":"InputContentInfoCompat.java"}
    android.content.ClipDescription getDescription() -> e
    void requestPermission() -> f
    android.net.Uri getLinkUri() -> l
    java.lang.Object getInputContentInfo() -> n
    android.net.Uri getContentUri() -> p
androidx.core.widget.AutoScrollHelper -> R8$$REMOVED$$CLASS$$132:
# {"id":"sourceFile","fileName":"AutoScrollHelper.java"}
androidx.core.widget.AutoScrollHelper$ClampedScroller -> C.a:
# {"id":"sourceFile","fileName":"AutoScrollHelper.java"}
    int mRampUpDuration -> a
    int mRampDownDuration -> b
    float mTargetVelocityX -> c
    float mTargetVelocityY -> d
    long mStartTime -> e
    long mDeltaTime -> f
    long mStopTime -> g
    float mStopValue -> h
    int mEffectiveRampDown -> i
    0:7:float getValueAt(long):800:800 -> a
    8:23:float getValueAt(long):802:802 -> a
    24:32:float getValueAt(long):807:807 -> a
    33:41:float getValueAt(long):808:808 -> a
    42:53:float getValueAt(long):804:804 -> a
androidx.core.widget.AutoScrollHelper$ScrollAnimationRunnable -> R8$$REMOVED$$CLASS$$131:
# {"id":"sourceFile","fileName":"AutoScrollHelper.java"}
androidx.core.widget.CheckedTextViewCompat -> R8$$REMOVED$$CLASS$$135:
# {"id":"sourceFile","fileName":"CheckedTextViewCompat.java"}
androidx.core.widget.CheckedTextViewCompat$Api16Impl -> R8$$REMOVED$$CLASS$$133:
# {"id":"sourceFile","fileName":"CheckedTextViewCompat.java"}
androidx.core.widget.CheckedTextViewCompat$Api21Impl -> R8$$REMOVED$$CLASS$$134:
# {"id":"sourceFile","fileName":"CheckedTextViewCompat.java"}
androidx.core.widget.CompoundButtonCompat -> R8$$REMOVED$$CLASS$$136:
# {"id":"sourceFile","fileName":"CompoundButtonCompat.java"}
androidx.core.widget.CompoundButtonCompat$Api21Impl -> C.b:
# {"id":"sourceFile","fileName":"CompoundButtonCompat.java"}
    0:4:android.content.res.ColorStateList getButtonTintList(android.widget.CompoundButton):163:163 -> a
    0:4:android.graphics.PorterDuff$Mode getButtonTintMode(android.widget.CompoundButton):173:173 -> b
    0:3:void setButtonTintList(android.widget.CompoundButton,android.content.res.ColorStateList):158:158 -> c
    0:3:void setButtonTintMode(android.widget.CompoundButton,android.graphics.PorterDuff$Mode):168:168 -> d
androidx.core.widget.CompoundButtonCompat$Api23Impl -> C.c:
# {"id":"sourceFile","fileName":"CompoundButtonCompat.java"}
    0:4:android.graphics.drawable.Drawable getButtonDrawable(android.widget.CompoundButton):185:185 -> a
androidx.core.widget.EdgeEffectCompat -> R8$$REMOVED$$CLASS$$137:
# {"id":"sourceFile","fileName":"EdgeEffectCompat.java"}
androidx.core.widget.EdgeEffectCompat$Api21Impl -> C.d:
# {"id":"sourceFile","fileName":"EdgeEffectCompat.java"}
    0:3:void onPull(android.widget.EdgeEffect,float,float):349:349 -> a
androidx.core.widget.EdgeEffectCompat$Api31Impl -> C.e:
# {"id":"sourceFile","fileName":"EdgeEffectCompat.java"}
    0:5:android.widget.EdgeEffect create(android.content.Context,android.util.AttributeSet):311:311 -> a
    6:11:android.widget.EdgeEffect create(android.content.Context,android.util.AttributeSet):313:313 -> a
    0:6:float getDistance(android.widget.EdgeEffect):334:334 -> b
    0:4:float onPullDistance(android.widget.EdgeEffect,float,float):324:324 -> c
    5:9:float onPullDistance(android.widget.EdgeEffect,float,float):326:326 -> c
androidx.core.widget.ImageViewCompat -> R8$$REMOVED$$CLASS$$138:
# {"id":"sourceFile","fileName":"ImageViewCompat.java"}