app/build/outputs/mapping/release/usage.txt
com.opent9.keyboard.R$array
com.opent9.keyboard.R$drawable
com.opent9.keyboard.R$string
com.opent9.keyboard.R$xml:
    public static int method
    private void <init>()
com.opent9.keyboard.R
com.opent9.keyboard.ui.DeleteController$LastCommitInfo:
    public final java.lang.String component1()
    public final java.util.List component2()
    public final long component3()
    public final com.opent9.keyboard.ui.DeleteController$LastCommitInfo copy(java.lang.String,java.util.List,long)
    public static synthetic com.opent9.keyboard.ui.DeleteController$LastCommitInfo copy$default(com.opent9.keyboard.ui.DeleteController$LastCommitInfo,java.lang.String,java.util.List,long,int,java.lang.Object)
com.opent9.keyboard.ui.DeleteController:
    public final void clearCommitHistory()
    public final com.opent9.keyboard.ui.DeleteController$LastCommitInfo getLastCommitInfo()
    public final void setLastCommitInfo(com.opent9.keyboard.ui.DeleteController$LastCommitInfo)
com.opent9.keyboard.ui.EmojiAtlas:
    public final void setActiveCategoryIndex(int)
com.opent9.keyboard.ui.FlickDirection:
    public static kotlin.enums.EnumEntries getEntries()
com.opent9.keyboard.ui.KeyAtlas:
    public final float getColWidth()
    public final float getRowHeight()
    public final float getTotalHeight()
    public final float getTotalWidth()
    public final void setCurrentPage(com.opent9.keyboard.ui.KeyboardPage)
com.opent9.keyboard.ui.KeyInfo:
    public final int component1()
    public final java.lang.String component10()
    public final java.lang.String component11()
    public final int component12()
    public final int component2()
    public final int component3()
    public final com.opent9.keyboard.ui.KeyType component4()
    public final android.graphics.RectF component5()
    public final float component6()
    public final float component7()
    public final java.lang.String component8()
    public final java.lang.String component9()
    public final com.opent9.keyboard.ui.KeyInfo copy(int,int,int,com.opent9.keyboard.ui.KeyType,android.graphics.RectF,float,float,java.lang.String,java.lang.String,java.lang.String,java.lang.String,int)
    public static synthetic com.opent9.keyboard.ui.KeyInfo copy$default(com.opent9.keyboard.ui.KeyInfo,int,int,int,com.opent9.keyboard.ui.KeyType,android.graphics.RectF,float,float,java.lang.String,java.lang.String,java.lang.String,java.lang.String,int,int,java.lang.Object)
    public final int getCol()
    public final int getRow()
com.opent9.keyboard.ui.KeyType:
    public static kotlin.enums.EnumEntries getEntries()
com.opent9.keyboard.ui.KeyboardPage:
    public static kotlin.enums.EnumEntries getEntries()
com.opent9.keyboard.ui.ShiftController:
    public final boolean isCapsLocked()
    public final void reset()
com.opent9.keyboard.ui.ShiftMode:
    public static kotlin.enums.EnumEntries getEntries()
com.opent9.keyboard.ui.T9KeyboardView:
    public void <init>(android.content.Context)
    public void <init>(android.content.Context,android.util.AttributeSet)
com.opent9.keyboard.ui.TouchGestureTracker:
    public static final float FLICK_DISTANCE_MIN_PX
    public static final long FLICK_TIME_WINDOW_MS
    public static final long LONG_PRESS_TIMEOUT_MS
    public static final long REPEAT_TICK_INTERVAL_MS
    public static final float SCRUB_STEP_PX
    public static final float TOUCH_SLOP_PX
    public final float getMaxStripScroll()
com.opent9.keyboard.OpenT9InputMethodService$$InternalSyntheticLambda$1$073b6c587913d474163284ba43c8220c55bc5f581116f98d32b1bdffca5ed0a2$0
com.opent9.keyboard.OpenT9InputMethodService$WhenMappings
com.opent9.keyboard.OpenT9InputMethodService$handleKeyFlick$2
com.opent9.keyboard.OpenT9InputMethodService$handleKeyFlick$4
com.opent9.keyboard.OpenT9InputMethodService$handleKeyFlick$5
com.opent9.keyboard.OpenT9InputMethodService$handleKeyTap$1
com.opent9.keyboard.OpenT9InputMethodService$handleKeyTap$wasUncommitted$1
...
androidx.core.app.NotificationCompat
androidx.core.app.NotificationCompatBuilder$Api16Impl
androidx.core.app.NotificationCompatBuilder$Api17Impl
androidx.core.app.NotificationCompatBuilder$Api19Impl
androidx.core.app.NotificationCompatBuilder$Api20Impl
androidx.core.app.NotificationCompatBuilder$Api21Impl
androidx.core.app.NotificationCompatBuilder$Api23Impl
androidx.core.app.NotificationCompatBuilder$Api24Impl
androidx.core.app.NotificationCompatBuilder$Api26Impl
androidx.core.app.NotificationCompatBuilder$Api28Impl
androidx.core.app.NotificationCompatBuilder$Api29Impl
androidx.core.app.NotificationCompatBuilder$Api31Impl
androidx.core.app.NotificationCompatBuilder
androidx.core.app.NotificationCompatExtras
androidx.core.app.NotificationCompatJellybean
androidx.core.app.NotificationCompatSideChannelService$NotificationSideChannelStub
androidx.core.app.NotificationCompatSideChannelService
androidx.core.app.NotificationManagerCompat$Api23Impl
androidx.core.app.NotificationManagerCompat$Api24Impl:
    private void <init>()
androidx.core.app.NotificationManagerCompat$Api26Impl
androidx.core.app.NotificationManagerCompat$Api28Impl
androidx.core.app.NotificationManagerCompat$Api30Impl
androidx.core.app.NotificationManagerCompat$Api34Impl
androidx.core.app.NotificationManagerCompat$CancelTask
androidx.core.app.NotificationManagerCompat$InterruptionFilter
androidx.core.app.NotificationManagerCompat$NotificationWithIdAndTag
androidx.core.app.NotificationManagerCompat$NotifyTask
androidx.core.app.NotificationManagerCompat$ServiceConnectedEvent
androidx.core.app.NotificationManagerCompat$SideChannelManager$ListenerRecord
androidx.core.app.NotificationManagerCompat$SideChannelManager
androidx.core.app.NotificationManagerCompat$Task
androidx.core.app.NotificationManagerCompat:
    public static final java.lang.String ACTION_BIND_SIDE_CHANNEL
    private static final java.lang.String CHECK_OP_NO_THROW
    public static final java.lang.String EXTRA_USE_SIDE_CHANNEL
    public static final int IMPORTANCE_DEFAULT
    public static final int IMPORTANCE_HIGH
    public static final int IMPORTANCE_LOW
    public static final int IMPORTANCE_MAX
    public static final int IMPORTANCE_MIN
    public static final int IMPORTANCE_NONE
    public static final int IMPORTANCE_UNSPECIFIED
    public static final int INTERRUPTION_FILTER_ALARMS
    public static final int INTERRUPTION_FILTER_ALL
    public static final int INTERRUPTION_FILTER_NONE
    public static final int INTERRUPTION_FILTER_PRIORITY
    public static final int INTERRUPTION_FILTER_UNKNOWN
    static final int MAX_SIDE_CHANNEL_SDK_VERSION
    private static final java.lang.String OP_POST_NOTIFICATION
    private static final java.lang.String SETTING_ENABLED_NOTIFICATION_LISTENERS
    private static final int SIDE_CHANNEL_RETRY_BASE_INTERVAL_MS
    private static final int SIDE_CHANNEL_RETRY_MAX_COUNT
    private static final java.lang.String TAG
    private static java.lang.String sEnabledNotificationListeners
    private static androidx.core.app.NotificationManagerCompat$SideChannelManager sSideChannelManager
    void <init>(android.app.NotificationManager,android.content.Context)
    public boolean canUseFullScreenIntent()
    public void cancel(int)
androidx.core.app.OnMultiWindowModeChangedProvider
androidx.core.app.OnNewIntentProvider
androidx.core.app.OnPictureInPictureModeChangedProvider
androidx.core.app.PendingIntentCompat$Api16Impl
androidx.core.app.PendingIntentCompat$Api23Impl
androidx.core.app.PendingIntentCompat$Api26Impl
androidx.core.app.PendingIntentCompat$Flags
androidx.core.app.PendingIntentCompat$GatedCallback
androidx.core.app.PendingIntentCompat
androidx.core.app.Person$Api22Impl
androidx.core.app.Person$Api28Impl
androidx.core.app.Person$Builder
androidx.core.app.Person
androidx.core.app.PictureInPictureModeChangedInfo:
    public void <init>(boolean)
    public android.content.res.Configuration getNewConfig()
    public boolean isInPictureInPictureMode()